<?xml version="1.0" encoding="UTF-8"?>
<!-- Generated by org.testng.reporters.JUnitReportReporter -->
<testsuite hostname="Abduls-MBP" failures="0" tests="1" name="javaStream.Day1" time="0.005" errors="0" timestamp="2024-05-20T22:19:45 EDT" skipped="0">
  <testcase classname="javaStream.Day1" name="demo" time="0.005"/>
</testsuite> <!-- javaStream.Day1 -->
